2022-12-13 15:48:26,310 INFO  [Log] Application Opened 
2022-12-13 15:48:29,674 INFO  [Log] Application Closed 
2022-12-13 15:53:30,878 INFO  [Log] Application Opened 
2022-12-13 15:53:36,294 INFO  [Log] Login Completed 
2022-12-13 15:53:36,404 INFO  [Log] Logout Completed 
2022-12-13 15:53:36,755 INFO  [Log] Application Closed 
2022-12-13 16:16:16,565 INFO  [Log] Application Opened 
2022-12-13 16:16:19,127 INFO  [Log] Login Completed 
2022-12-13 16:16:19,224 INFO  [Log] Logout Completed 
2022-12-13 16:16:19,536 INFO  [Log] Application Closed 
2022-12-13 16:17:16,394 INFO  [Log] Application Opened 
2022-12-13 16:17:18,749 INFO  [Log] Login Completed 
2022-12-13 16:17:18,852 INFO  [Log] Logout Completed 
2022-12-13 16:17:19,057 INFO  [Log] Application Closed 
2022-12-13 16:21:13,876 INFO  [Log] Application Opened 
2022-12-13 16:21:16,181 INFO  [Log] Login Completed 
2022-12-13 16:21:16,304 INFO  [Log] Logout Completed 
2022-12-13 16:21:16,522 INFO  [Log] Application Closed 
2022-12-13 16:21:19,991 INFO  [Log] Application Opened 
2022-12-13 16:21:22,807 INFO  [Log] Login Completed 
2022-12-13 16:21:22,928 INFO  [Log] Entered into frame 
2022-12-13 16:21:28,677 INFO  [Log] New Emp Added 
2022-12-13 16:21:28,690 INFO  [Log] Exit from frame 
2022-12-13 16:21:28,802 INFO  [Log] Logout Completed 
2022-12-13 16:21:29,171 INFO  [Log] Application Closed 
2022-12-13 16:23:51,679 INFO  [Log] Application Opened 
2022-12-13 16:23:54,389 INFO  [Log] Login Completed 
2022-12-13 16:23:54,496 INFO  [Log] Logout Completed 
2022-12-13 16:23:54,754 INFO  [Log] Application Closed 
2022-12-13 16:37:12,537 INFO  [Log] Application Opened 
2022-12-13 16:37:15,286 INFO  [Log] Login Completed 
2022-12-13 16:37:15,383 INFO  [Log] Logout Completed 
2022-12-13 16:37:15,761 INFO  [Log] Application Closed 
2022-12-13 16:38:34,642 INFO  [Log] Application Opened 
2022-12-13 16:38:39,064 INFO  [Log] Login Completed 
2022-12-13 16:38:39,172 INFO  [Log] Logout Completed 
2022-12-13 16:38:39,401 INFO  [Log] Application Closed 
2022-12-13 16:38:42,228 INFO  [Log] Application Opened 
2022-12-13 16:38:46,662 INFO  [Log] Login Completed 
2022-12-13 16:38:46,770 INFO  [Log] Entered into frame 
2022-12-13 16:38:53,756 INFO  [Log] New Emp Added 
2022-12-13 16:38:53,770 INFO  [Log] Exit from frame 
2022-12-13 16:38:53,886 INFO  [Log] Logout Completed 
2022-12-13 16:38:54,204 INFO  [Log] Application Closed 
2022-12-13 16:54:40,381 INFO  [Log] Application Opened 
2022-12-13 16:54:44,747 INFO  [Log] Login Completed 
2022-12-13 16:54:44,851 INFO  [Log] Logout Completed 
2022-12-13 16:54:45,087 INFO  [Log] Application Closed 
2022-12-13 16:54:51,600 INFO  [Log] Application Opened 
2022-12-13 16:54:55,164 INFO  [Log] Login Completed 
2022-12-13 16:54:55,234 INFO  [Log] Entered into frame 
2022-12-13 16:55:01,614 INFO  [Log] New Emp Added 
2022-12-13 16:55:01,628 INFO  [Log] Exit from frame 
2022-12-13 16:55:01,731 INFO  [Log] Logout Completed 
2022-12-13 16:55:02,015 INFO  [Log] Application Closed 
2022-12-14 17:50:22,864 INFO  [Log] Application Opened 
2022-12-14 17:52:38,866 INFO  [Log] Login Completed 
2022-12-14 17:52:38,960 INFO  [Log] Logout Completed 
2022-12-14 17:52:55,620 INFO  [Log] Application Closed 
2022-12-14 17:52:59,665 INFO  [Log] Application Opened 
2022-12-14 17:55:15,599 INFO  [Log] Login Completed 
2022-12-14 17:55:15,661 INFO  [Log] Entered into frame 
2022-12-14 17:55:18,784 INFO  [Log] New Emp Added 
2022-12-14 17:55:18,790 INFO  [Log] Exit from frame 
2022-12-14 17:55:18,879 INFO  [Log] Logout Completed 
2022-12-14 17:55:19,309 INFO  [Log] Application Closed 
2022-12-14 17:56:25,714 INFO  [Log] Application Opened 
2022-12-14 17:56:28,774 INFO  [Log] Login Completed 
2022-12-14 17:56:28,875 INFO  [Log] Logout Completed 
2022-12-14 17:56:45,096 INFO  [Log] Application Closed 
2022-12-14 17:56:50,016 INFO  [Log] Application Opened 
2022-12-14 17:56:51,705 INFO  [Log] Login Completed 
2022-12-14 17:56:51,770 INFO  [Log] Entered into frame 
2022-12-14 17:56:55,634 INFO  [Log] New Emp Added 
2022-12-14 17:56:55,641 INFO  [Log] Exit from frame 
2022-12-14 17:56:55,730 INFO  [Log] Logout Completed 
2022-12-14 17:56:55,826 INFO  [Log] Application Closed 
2022-12-14 17:57:05,226 INFO  [Log] Application Opened 
2022-12-14 17:57:07,438 INFO  [Log] Login Completed 
2022-12-14 17:57:07,597 INFO  [Log] Logout Completed 
2022-12-14 17:57:07,741 INFO  [Log] Application Closed 
2022-12-14 17:57:11,448 INFO  [Log] Application Opened 
2022-12-14 17:57:12,867 INFO  [Log] Login Completed 
2022-12-14 17:57:12,929 INFO  [Log] Entered into frame 
2022-12-14 17:57:15,563 INFO  [Log] New Emp Added 
2022-12-14 17:57:15,570 INFO  [Log] Exit from frame 
2022-12-14 17:57:15,652 INFO  [Log] Logout Completed 
2022-12-14 17:57:15,729 INFO  [Log] Application Closed 
